[2018-07-17T19:16:53.017] [INFO] RepPortal - Entered Login Page
[2018-07-17T19:16:53.050] [INFO] RepPortal - Started Executing Test: Login
[2018-07-17T19:17:08.603] [INFO] RepPortal - https://nni-sit.knipper.com/#/login
[2018-07-17T19:17:09.751] [INFO] RepPortal - Text field clearednull
[2018-07-17T19:17:09.917] [INFO] RepPortal - PASS Entered Email
[2018-07-17T19:17:11.057] [INFO] RepPortal - Text field clearednull
[2018-07-17T19:17:11.205] [INFO] RepPortal - PASS Entered Password
[2018-07-17T19:17:12.389] [INFO] RepPortal - PASS Clicked on Sign in
[2018-07-17T19:17:17.399] [INFO] RepPortal - STARTED EXECUTING SUPPORT CENTER
[2018-07-17T19:17:18.596] [INFO] RepPortal - PASS System Admin link clicked
[2018-07-17T19:17:24.797] [INFO] RepPortal - PASS Address Book Menu item clicked
[2018-07-17T19:17:29.814] [INFO] RepPortal - https://nni-sit.knipper.com/#/support/detail
[2018-07-17T19:17:29.822] [INFO] RepPortal - Interactive User Guide.ppsx exist, hence deleting it from:  D:\EPAM_PROJECTS\KNIPPER\CODE\Samplicity\src\Tests\Automation\Downloads\
[2018-07-17T19:17:31.057] [INFO] RepPortal - PASS Clicked on Interactive Guide
[2018-07-17T19:17:37.155] [INFO] RepPortal - Download complete
[2018-07-17T19:17:37.158] [INFO] RepPortal - File is downloaded and saved at :  D:\EPAM_PROJECTS\KNIPPER\CODE\Samplicity\src\Tests\Automation\Downloads\
[2018-07-17T19:17:37.267] [INFO] RepPortal - Manual button clicked
[2018-07-17T19:17:37.291] [INFO] RepPortal - Switched to new window
[2018-07-17T19:17:38.367] [INFO] RepPortal - Switched to ol window
[2018-07-17T19:17:38.385] [INFO] RepPortal - Switched to previous tab:  https://nni-sit.knipper.com/#/support/detail
[2018-07-17T19:17:39.542] [INFO] RepPortal - Text field clearednull
[2018-07-17T19:17:39.952] [INFO] RepPortal - PASS Comment for email is Entered
[2018-07-17T19:17:41.126] [INFO] RepPortal - PASS Clicked on Submit to send an email
[2018-07-17T19:17:46.174] [INFO] RepPortal - Acknowledgement is present
[2018-07-17T19:17:46.213] [INFO] RepPortal - Mail Acknoweledge Text:  Thank you. Your e-mail has been sent to the Support Team.
You will be contacted via email or phone for any required follow up.
[2018-07-17T19:17:47.390] [INFO] RepPortal - PASS Clicked on Return to support center
[2018-07-17T19:17:52.407] [INFO] RepPortal - https://nni-sit.knipper.com/#/support/detail
[2018-07-17T19:17:52.411] [INFO] RepPortal - Started Executing Sign out !!!
[2018-07-17T19:17:53.552] [INFO] RepPortal - PASS System Admin Button Clicked
[2018-07-17T19:17:59.727] [INFO] RepPortal - PASS SignOut Clicked
[2018-07-17T19:18:04.742] [INFO] RepPortal - _____________ SIGN OUT MODAL POP-UP IS NOT DISPLAYED______________
